<?xml version="1.0" encoding="UTF-8"?>
<testsuite xmlns:xsi="http://www.w3.org/2001/XMLSchema-instance" xsi:schemaLocation="https://maven.apache.org/surefire/maven-surefire-plugin/xsd/surefire-test-report.xsd" name="tests.Navigation_TestCase" time="366.137" tests="26" errors="0" skipped="0" failures="0">
  <properties>
    <property name="java.runtime.name" value="Java(TM) SE Runtime Environment"/>
    <property name="sun.boot.library.path" value="C:\Program Files\Java\jdk1.8.0_91\jre\bin"/>
    <property name="java.vm.version" value="25.91-b15"/>
    <property name="user.country.format" value="UA"/>
    <property name="java.vm.vendor" value="Oracle Corporation"/>
    <property name="maven.multiModuleProjectDirectory" value="D:/HealthOutcome"/>
    <property name="java.vendor.url" value="http://java.oracle.com/"/>
    <property name="path.separator" value=";"/>
    <property name="guice.disable.misplaced.annotation.check" value="true"/>
    <property name="java.vm.name" value="Java HotSpot(TM) 64-Bit Server VM"/>
    <property name="file.encoding.pkg" value="sun.io"/>
    <property name="user.script" value=""/>
    <property name="user.country" value="US"/>
    <property name="sun.java.launcher" value="SUN_STANDARD"/>
    <property name="sun.os.patch.level" value="Service Pack 1"/>
    <property name="java.vm.specification.name" value="Java Virtual Machine Specification"/>
    <property name="user.dir" value="D:\HealthOutcome"/>
    <property name="java.runtime.version" value="1.8.0_91-b15"/>
    <property name="java.awt.graphicsenv" value="sun.awt.Win32GraphicsEnvironment"/>
    <property name="java.endorsed.dirs" value="C:\Program Files\Java\jdk1.8.0_91\jre\lib\endorsed"/>
    <property name="os.arch" value="amd64"/>
    <property name="java.io.tmpdir" value="C:\Users\Crispus\AppData\Local\Temp\"/>
    <property name="line.separator" value="&#10;"/>
    <property name="java.vm.specification.vendor" value="Oracle Corporation"/>
    <property name="user.variant" value=""/>
    <property name="os.name" value="Windows 7"/>
    <property name="classworlds.conf" value="D:/MavenInstaller/apache-maven-3.3.9/bin/m2.conf"/>
    <property name="sun.jnu.encoding" value="Cp1251"/>
    <property name="java.library.path" value="C:\Program Files\Java\jdk1.8.0_91\bin;C:\Windows\Sun\Java\bin;C:\Windows\system32;C:\Windows;C:\Users\Crispus\bin;C:\Program Files\Git\mingw64\bin;C:\Program Files\Git\usr\local\bin;C:\Program Files\Git\usr\bin;C:\Program Files\Git\usr\bin;C:\Program Files\Git\mingw64\bin;C:\Program Files\Git\usr\bin;C:\Users\Crispus\bin;C:\ProgramData\Oracle\Java\javapath;C:\Windows\system32;C:\Windows;C:\Windows\System32\Wbem;C:\Windows\System32\WindowsPowerShell\v1.0;C:\Program Files (x86)\Intel\OpenCL SDK\2.0\bin\x86;C:\Program Files (x86)\Intel\OpenCL SDK\2.0\bin\x64;D:\MavenInstaller\apache-maven-3.3.9\bin;C:\Program Files\Java\jdk1.8.0_91\bin;C:\Program Files\Git\cmd;D:\Gecko Driver;D:\Gecko Driver\wires.exe;D:\chromedriver_win32;C:\Program Files (x86)\Skype\Phone;D:\curl\src;D:\nodejs;C:\Users\Crispus\AppData\Roaming\npm;C:\Program Files\Git\usr\bin\vendor_perl;C:\Program Files\Git\usr\bin\core_perl;."/>
    <property name="java.specification.name" value="Java Platform API Specification"/>
    <property name="java.class.version" value="52.0"/>
    <property name="sun.management.compiler" value="HotSpot 64-Bit Tiered Compilers"/>
    <property name="os.version" value="6.1"/>
    <property name="user.home" value="C:\Users\Crispus"/>
    <property name="user.timezone" value="Europe/Helsinki"/>
    <property name="java.awt.printerjob" value="sun.awt.windows.WPrinterJob"/>
    <property name="java.specification.version" value="1.8"/>
    <property name="file.encoding" value="Cp1251"/>
    <property name="user.name" value="Crispus"/>
    <property name="java.class.path" value="D:/MavenInstaller/apache-maven-3.3.9/boot/plexus-classworlds-2.5.2.jar"/>
    <property name="java.vm.specification.version" value="1.8"/>
    <property name="sun.arch.data.model" value="64"/>
    <property name="java.home" value="C:\Program Files\Java\jdk1.8.0_91\jre"/>
    <property name="sun.java.command" value="org.codehaus.plexus.classworlds.launcher.Launcher clean test"/>
    <property name="java.specification.vendor" value="Oracle Corporation"/>
    <property name="user.language" value="en"/>
    <property name="user.language.format" value="uk"/>
    <property name="awt.toolkit" value="sun.awt.windows.WToolkit"/>
    <property name="java.vm.info" value="mixed mode"/>
    <property name="java.version" value="1.8.0_91"/>
    <property name="java.ext.dirs" value="C:\Program Files\Java\jdk1.8.0_91\jre\lib\ext;C:\Windows\Sun\Java\lib\ext"/>
    <property name="sun.boot.class.path" value="C:\Program Files\Java\jdk1.8.0_91\jre\lib\resources.jar;C:\Program Files\Java\jdk1.8.0_91\jre\lib\rt.jar;C:\Program Files\Java\jdk1.8.0_91\jre\lib\sunrsasign.jar;C:\Program Files\Java\jdk1.8.0_91\jre\lib\jsse.jar;C:\Program Files\Java\jdk1.8.0_91\jre\lib\jce.jar;C:\Program Files\Java\jdk1.8.0_91\jre\lib\charsets.jar;C:\Program Files\Java\jdk1.8.0_91\jre\lib\jfr.jar;C:\Program Files\Java\jdk1.8.0_91\jre\classes"/>
    <property name="java.vendor" value="Oracle Corporation"/>
    <property name="maven.home" value="D:\MavenInstaller\apache-maven-3.3.9"/>
    <property name="file.separator" value="\"/>
    <property name="java.vendor.url.bug" value="http://bugreport.sun.com/bugreport/"/>
    <property name="sun.cpu.endian" value="little"/>
    <property name="sun.io.unicode.encoding" value="UnicodeLittle"/>
    <property name="sun.desktop" value="windows"/>
    <property name="sun.cpu.isalist" value="amd64"/>
  </properties>
  <testcase name="checkFooterLinkTestimonials" classname="tests.Navigation_TestCase" time="39.832"/>
  <testcase name="goToConditionSelectionPageFromTreatmentRatingsConditionPage" classname="tests.Navigation_TestCase" time="11.296"/>
  <testcase name="goToConditionSelectionPage" classname="tests.Navigation_TestCase" time="13.433"/>
  <testcase name="goToTwitterPageFromFooter" classname="tests.Navigation_TestCase" time="14.789"/>
  <testcase name="checkFooterCopyrightPrivacyPolicy" classname="tests.Navigation_TestCase" time="12.054"/>
  <testcase name="goToMailServiceFromFooter" classname="tests.Navigation_TestCase" time="9.343"/>
  <testcase name="goToWriteAReviewPageFromTreatmentReviewsPage" classname="tests.Navigation_TestCase" time="20.281"/>
  <testcase name="checkFooterLinkBlog" classname="tests.Navigation_TestCase" time="15.382"/>
  <testcase name="goToSignUpPageFromVideosAndGuidesConditionPage" classname="tests.Navigation_TestCase" time="10.916"/>
  <testcase name="goToSingleReviewPage" classname="tests.Navigation_TestCase" time="12.266"/>
  <testcase name="goToWriteAReviewPageFromTreatmentRatingsConditionPage" classname="tests.Navigation_TestCase" time="13.379"/>
  <testcase name="checkFooterLinkFAQ" classname="tests.Navigation_TestCase" time="13.585"/>
  <testcase name="goToWriteAReviewPageFromDetailedBlogPage" classname="tests.Navigation_TestCase" time="15.012"/>
  <testcase name="goToTreatmentReviewsPageFromTreatmentRatingsConditionPage" classname="tests.Navigation_TestCase" time="11.061"/>
  <testcase name="goToTreatmentRatingsConditionPageFromConditionSelectionPage" classname="tests.Navigation_TestCase" time="11.832"/>
  <testcase name="checkFooterLinkResources" classname="tests.Navigation_TestCase" time="14.032"/>
  <testcase name="goToSpecificVideosAndGuidesPageFromSpecificTreatmentReviewPage" classname="tests.Navigation_TestCase" time="15.809"/>
  <testcase name="checkFooterCopyrightTermsOfService" classname="tests.Navigation_TestCase" time="12.066"/>
  <testcase name="checkFooterLinkAbout" classname="tests.Navigation_TestCase" time="10.951"/>
  <testcase name="goToVideosAndGuidesConditionPageFromTreatmentRatingsConditionPage" classname="tests.Navigation_TestCase" time="10.953"/>
  <testcase name="goToTreatmentRatingsConditionPage" classname="tests.Navigation_TestCase" time="13.148"/>
  <testcase name="goToWriteAReviewPageFromBlogPage" classname="tests.Navigation_TestCase" time="15.528"/>
  <testcase name="checkLinkedinUrl" classname="tests.Navigation_TestCase" time="10.365"/>
  <testcase name="goToFacebookPageFromFooter" classname="tests.Navigation_TestCase" time="16.513"/>
  <testcase name="checkFooterLinkContactUs" classname="tests.Navigation_TestCase" time="11.121"/>
  <testcase name="goToFirstStepOfCoachingProgramFromTreatmentRatingsConditionPage" classname="tests.Navigation_TestCase" time="10.818"/>
</testsuite>