<?xml version="1.0" encoding="UTF-8"?>
<testsuite name="automationFramework.Navigation_TestCase" time="191.373" tests="17" errors="0" skipped="0" failures="1">
  <properties>
    <property name="java.runtime.name" value="Java(TM) SE Runtime Environment"/>
    <property name="sun.boot.library.path" value="C:\Program Files\Java\jdk1.8.0_91\jre\bin"/>
    <property name="java.vm.version" value="25.91-b15"/>
    <property name="user.country.format" value="UA"/>
    <property name="java.vm.vendor" value="Oracle Corporation"/>
    <property name="maven.multiModuleProjectDirectory" value="D:\HealthOutcome"/>
    <property name="java.vendor.url" value="http://java.oracle.com/"/>
    <property name="path.separator" value=";"/>
    <property name="guice.disable.misplaced.annotation.check" value="true"/>
    <property name="java.vm.name" value="Java HotSpot(TM) 64-Bit Server VM"/>
    <property name="file.encoding.pkg" value="sun.io"/>
    <property name="user.script" value=""/>
    <property name="user.country" value="US"/>
    <property name="sun.java.launcher" value="SUN_STANDARD"/>
    <property name="sun.os.patch.level" value="Service Pack 1"/>
    <property name="java.vm.specification.name" value="Java Virtual Machine Specification"/>
    <property name="user.dir" value="D:\HealthOutcome"/>
    <property name="java.runtime.version" value="1.8.0_91-b15"/>
    <property name="java.awt.graphicsenv" value="sun.awt.Win32GraphicsEnvironment"/>
    <property name="java.endorsed.dirs" value="C:\Program Files\Java\jdk1.8.0_91\jre\lib\endorsed"/>
    <property name="os.arch" value="amd64"/>
    <property name="java.io.tmpdir" value="C:\Users\Crispus\AppData\Local\Temp\"/>
    <property name="line.separator" value="&#10;"/>
    <property name="java.vm.specification.vendor" value="Oracle Corporation"/>
    <property name="user.variant" value=""/>
    <property name="os.name" value="Windows 7"/>
    <property name="classworlds.conf" value="D:\MavenInstaller\apache-maven-3.3.9\bin\..\bin\m2.conf"/>
    <property name="sun.jnu.encoding" value="Cp1251"/>
    <property name="java.library.path" value="C:\Program Files\Java\jdk1.8.0_91\bin;C:\Windows\Sun\Java\bin;C:\Windows\system32;C:\Windows;C:\Program Files\Git\cmd;C:\ProgramData\Oracle\Java\javapath;C:\Windows\system32;C:\Windows;C:\Windows\System32\Wbem;C:\Windows\System32\WindowsPowerShell\v1.0\;C:\Program Files (x86)\Intel\OpenCL SDK\2.0\bin\x86;C:\Program Files (x86)\Intel\OpenCL SDK\2.0\bin\x64;C:\Program Files (x86)\Skype\Phone\;D:\MavenInstaller\apache-maven-3.3.9\bin;C:\Program Files\Java\jdk1.8.0_91\bin;C:\Program Files\Git\cmd;D:\Gecko Driver;D:\Gecko Driver\wires.exe;D:\chromedriver_win32;;."/>
    <property name="java.specification.name" value="Java Platform API Specification"/>
    <property name="java.class.version" value="52.0"/>
    <property name="sun.management.compiler" value="HotSpot 64-Bit Tiered Compilers"/>
    <property name="os.version" value="6.1"/>
    <property name="user.home" value="C:\Users\Crispus"/>
    <property name="user.timezone" value="Europe/Helsinki"/>
    <property name="java.awt.printerjob" value="sun.awt.windows.WPrinterJob"/>
    <property name="java.specification.version" value="1.8"/>
    <property name="file.encoding" value="Cp1251"/>
    <property name="user.name" value="Crispus"/>
    <property name="java.class.path" value="D:\MavenInstaller\apache-maven-3.3.9\bin\..\boot\plexus-classworlds-2.5.2.jar"/>
    <property name="java.vm.specification.version" value="1.8"/>
    <property name="sun.arch.data.model" value="64"/>
    <property name="java.home" value="C:\Program Files\Java\jdk1.8.0_91\jre"/>
    <property name="sun.java.command" value="org.codehaus.plexus.classworlds.launcher.Launcher clean test"/>
    <property name="java.specification.vendor" value="Oracle Corporation"/>
    <property name="user.language" value="en"/>
    <property name="user.language.format" value="uk"/>
    <property name="awt.toolkit" value="sun.awt.windows.WToolkit"/>
    <property name="java.vm.info" value="mixed mode"/>
    <property name="java.version" value="1.8.0_91"/>
    <property name="java.ext.dirs" value="C:\Program Files\Java\jdk1.8.0_91\jre\lib\ext;C:\Windows\Sun\Java\lib\ext"/>
    <property name="sun.boot.class.path" value="C:\Program Files\Java\jdk1.8.0_91\jre\lib\resources.jar;C:\Program Files\Java\jdk1.8.0_91\jre\lib\rt.jar;C:\Program Files\Java\jdk1.8.0_91\jre\lib\sunrsasign.jar;C:\Program Files\Java\jdk1.8.0_91\jre\lib\jsse.jar;C:\Program Files\Java\jdk1.8.0_91\jre\lib\jce.jar;C:\Program Files\Java\jdk1.8.0_91\jre\lib\charsets.jar;C:\Program Files\Java\jdk1.8.0_91\jre\lib\jfr.jar;C:\Program Files\Java\jdk1.8.0_91\jre\classes"/>
    <property name="sun.stderr.encoding" value="cp866"/>
    <property name="java.vendor" value="Oracle Corporation"/>
    <property name="maven.home" value="D:\MavenInstaller\apache-maven-3.3.9\bin\.."/>
    <property name="file.separator" value="\"/>
    <property name="java.vendor.url.bug" value="http://bugreport.sun.com/bugreport/"/>
    <property name="sun.cpu.endian" value="little"/>
    <property name="sun.io.unicode.encoding" value="UnicodeLittle"/>
    <property name="sun.stdout.encoding" value="cp866"/>
    <property name="sun.desktop" value="windows"/>
    <property name="sun.cpu.isalist" value="amd64"/>
  </properties>
  <testcase name="checkFooterLinkTestimonials" classname="automationFramework.Navigation_TestCase" time="18.65"/>
  <testcase name="goToConditionSelectionPageFromTreatmentRatingsConditionPage" classname="automationFramework.Navigation_TestCase" time="9.082"/>
  <testcase name="goToConditionSelectionPage" classname="automationFramework.Navigation_TestCase" time="7.916"/>
  <testcase name="goToTwitterPageFromFooter" classname="automationFramework.Navigation_TestCase" time="13.967"/>
  <testcase name="checkFooterCopyrightPrivacyPolicy" classname="automationFramework.Navigation_TestCase" time="10.407"/>
  <testcase name="goToMailServiceFromFooter" classname="automationFramework.Navigation_TestCase" time="7.16"/>
  <testcase name="checkFooterLinkBlog" classname="automationFramework.Navigation_TestCase" time="13.621"/>
  <testcase name="goToSingleReviewPage" classname="automationFramework.Navigation_TestCase" time="10.208"/>
  <testcase name="checkFooterLinkFAQ" classname="automationFramework.Navigation_TestCase" time="9.906"/>
  <testcase name="goToTreatmentRatingsConditionPageFromConditionSelectionPage" classname="automationFramework.Navigation_TestCase" time="13.035">
    <failure message="Values should be different. Actual: https://dev.healthoutcome.org/condition-selection" type="java.lang.AssertionError">java.lang.AssertionError: Values should be different. Actual: https://dev.healthoutcome.org/condition-selection
	at org.junit.Assert.fail(Assert.java:88)
	at org.junit.Assert.failEquals(Assert.java:185)
	at org.junit.Assert.assertNotEquals(Assert.java:161)
	at org.junit.Assert.assertNotEquals(Assert.java:175)
	at automationFramework.Navigation_TestCase.goToTreatmentRatingsConditionPageFromConditionSelectionPage(Navigation_TestCase.java:186)
</failure>
    <system-out>Thu Jan 12 10:52:25 EET 2017: Waited for 1000 milliseconds.[By.cssSelector: .parts-list li > span]
</system-out>
    <system-err>ñ³÷. 12, 2017 10:52:15 AM org.openqa.selenium.remote.ProtocolHandshake createSession
INFO: Attempting bi-dialect session, assuming Postel's Law holds true on the remote end
ñ³÷. 12, 2017 10:52:17 AM org.openqa.selenium.remote.ProtocolHandshake createSession
INFO: Detected dialect: OSS
</system-err>
  </testcase>
  <testcase name="checkFooterLinkResources" classname="automationFramework.Navigation_TestCase" time="12.048"/>
  <testcase name="checkFooterCopyrightTermsOfService" classname="automationFramework.Navigation_TestCase" time="13.295"/>
  <testcase name="checkFooterLinkAbout" classname="automationFramework.Navigation_TestCase" time="12.105"/>
  <testcase name="goToTreatmentRatingsConditionPage" classname="automationFramework.Navigation_TestCase" time="8.31"/>
  <testcase name="goToLinkedinPageFromFooter" classname="automationFramework.Navigation_TestCase" time="8.125"/>
  <testcase name="goToFacebookPageFromFooter" classname="automationFramework.Navigation_TestCase" time="12.736"/>
  <testcase name="checkFooterLinkContactUs" classname="automationFramework.Navigation_TestCase" time="10.802"/>
</testsuite>