<?xml version="1.0" encoding="UTF-8"?>
<testsuite xmlns:xsi="http://www.w3.org/2001/XMLSchema-instance" xsi:schemaLocation="https://maven.apache.org/surefire/maven-surefire-plugin/xsd/surefire-test-report.xsd" name="automationFramework.Navigation_TestCase" time="460.879" tests="26" errors="2" skipped="0" failures="0">
  <properties>
    <property name="java.runtime.name" value="Java(TM) SE Runtime Environment"/>
    <property name="sun.boot.library.path" value="C:\Program Files\Java\jdk1.8.0_91\jre\bin"/>
    <property name="java.vm.version" value="25.91-b15"/>
    <property name="user.country.format" value="UA"/>
    <property name="java.vm.vendor" value="Oracle Corporation"/>
    <property name="maven.multiModuleProjectDirectory" value="D:/HealthOutcome"/>
    <property name="java.vendor.url" value="http://java.oracle.com/"/>
    <property name="path.separator" value=";"/>
    <property name="guice.disable.misplaced.annotation.check" value="true"/>
    <property name="java.vm.name" value="Java HotSpot(TM) 64-Bit Server VM"/>
    <property name="file.encoding.pkg" value="sun.io"/>
    <property name="user.script" value=""/>
    <property name="user.country" value="US"/>
    <property name="sun.java.launcher" value="SUN_STANDARD"/>
    <property name="sun.os.patch.level" value="Service Pack 1"/>
    <property name="java.vm.specification.name" value="Java Virtual Machine Specification"/>
    <property name="user.dir" value="D:\HealthOutcome"/>
    <property name="java.runtime.version" value="1.8.0_91-b15"/>
    <property name="java.awt.graphicsenv" value="sun.awt.Win32GraphicsEnvironment"/>
    <property name="java.endorsed.dirs" value="C:\Program Files\Java\jdk1.8.0_91\jre\lib\endorsed"/>
    <property name="os.arch" value="amd64"/>
    <property name="java.io.tmpdir" value="C:\Users\Crispus\AppData\Local\Temp\"/>
    <property name="line.separator" value="&#10;"/>
    <property name="java.vm.specification.vendor" value="Oracle Corporation"/>
    <property name="user.variant" value=""/>
    <property name="os.name" value="Windows 7"/>
    <property name="classworlds.conf" value="D:/MavenInstaller/apache-maven-3.3.9/bin/m2.conf"/>
    <property name="sun.jnu.encoding" value="Cp1251"/>
    <property name="java.library.path" value="C:\Program Files\Java\jdk1.8.0_91\bin;C:\Windows\Sun\Java\bin;C:\Windows\system32;C:\Windows;C:\Users\Crispus\bin;C:\Program Files\Git\mingw64\bin;C:\Program Files\Git\usr\local\bin;C:\Program Files\Git\usr\bin;C:\Program Files\Git\usr\bin;C:\Program Files\Git\mingw64\bin;C:\Program Files\Git\usr\bin;C:\Users\Crispus\bin;C:\ProgramData\Oracle\Java\javapath;C:\Windows\system32;C:\Windows;C:\Windows\System32\Wbem;C:\Windows\System32\WindowsPowerShell\v1.0;C:\Program Files (x86)\Intel\OpenCL SDK\2.0\bin\x86;C:\Program Files (x86)\Intel\OpenCL SDK\2.0\bin\x64;C:\Program Files (x86)\Skype\Phone;D:\MavenInstaller\apache-maven-3.3.9\bin;C:\Program Files\Java\jdk1.8.0_91\bin;C:\Program Files\Git\cmd;D:\Gecko Driver;D:\Gecko Driver\wires.exe;D:\chromedriver_win32;C:\Program Files\Git\usr\bin\vendor_perl;C:\Program Files\Git\usr\bin\core_perl;."/>
    <property name="java.specification.name" value="Java Platform API Specification"/>
    <property name="java.class.version" value="52.0"/>
    <property name="sun.management.compiler" value="HotSpot 64-Bit Tiered Compilers"/>
    <property name="os.version" value="6.1"/>
    <property name="user.home" value="C:\Users\Crispus"/>
    <property name="user.timezone" value="Europe/Helsinki"/>
    <property name="java.awt.printerjob" value="sun.awt.windows.WPrinterJob"/>
    <property name="java.specification.version" value="1.8"/>
    <property name="file.encoding" value="Cp1251"/>
    <property name="user.name" value="Crispus"/>
    <property name="java.class.path" value="D:/MavenInstaller/apache-maven-3.3.9/boot/plexus-classworlds-2.5.2.jar"/>
    <property name="java.vm.specification.version" value="1.8"/>
    <property name="sun.arch.data.model" value="64"/>
    <property name="java.home" value="C:\Program Files\Java\jdk1.8.0_91\jre"/>
    <property name="sun.java.command" value="org.codehaus.plexus.classworlds.launcher.Launcher clean test"/>
    <property name="java.specification.vendor" value="Oracle Corporation"/>
    <property name="user.language" value="en"/>
    <property name="user.language.format" value="uk"/>
    <property name="awt.toolkit" value="sun.awt.windows.WToolkit"/>
    <property name="java.vm.info" value="mixed mode"/>
    <property name="java.version" value="1.8.0_91"/>
    <property name="java.ext.dirs" value="C:\Program Files\Java\jdk1.8.0_91\jre\lib\ext;C:\Windows\Sun\Java\lib\ext"/>
    <property name="sun.boot.class.path" value="C:\Program Files\Java\jdk1.8.0_91\jre\lib\resources.jar;C:\Program Files\Java\jdk1.8.0_91\jre\lib\rt.jar;C:\Program Files\Java\jdk1.8.0_91\jre\lib\sunrsasign.jar;C:\Program Files\Java\jdk1.8.0_91\jre\lib\jsse.jar;C:\Program Files\Java\jdk1.8.0_91\jre\lib\jce.jar;C:\Program Files\Java\jdk1.8.0_91\jre\lib\charsets.jar;C:\Program Files\Java\jdk1.8.0_91\jre\lib\jfr.jar;C:\Program Files\Java\jdk1.8.0_91\jre\classes"/>
    <property name="java.vendor" value="Oracle Corporation"/>
    <property name="maven.home" value="D:\MavenInstaller\apache-maven-3.3.9"/>
    <property name="file.separator" value="\"/>
    <property name="java.vendor.url.bug" value="http://bugreport.sun.com/bugreport/"/>
    <property name="sun.cpu.endian" value="little"/>
    <property name="sun.io.unicode.encoding" value="UnicodeLittle"/>
    <property name="sun.desktop" value="windows"/>
    <property name="sun.cpu.isalist" value="amd64"/>
  </properties>
  <testcase name="checkFooterLinkTestimonials" classname="automationFramework.Navigation_TestCase" time="45.037"/>
  <testcase name="goToConditionSelectionPageFromTreatmentRatingsConditionPage" classname="automationFramework.Navigation_TestCase" time="14.554"/>
  <testcase name="goToConditionSelectionPage" classname="automationFramework.Navigation_TestCase" time="10.981"/>
  <testcase name="goToTwitterPageFromFooter" classname="automationFramework.Navigation_TestCase" time="11.093"/>
  <testcase name="checkFooterCopyrightPrivacyPolicy" classname="automationFramework.Navigation_TestCase" time="13.737"/>
  <testcase name="goToMailServiceFromFooter" classname="automationFramework.Navigation_TestCase" time="10.42"/>
  <testcase name="goToWriteAReviewPageFromTreatmentReviewsPage" classname="automationFramework.Navigation_TestCase" time="21.939"/>
  <testcase name="checkFooterLinkBlog" classname="automationFramework.Navigation_TestCase" time="19.917"/>
  <testcase name="goToSignUpPageFromVideosAndGuidesConditionPage" classname="automationFramework.Navigation_TestCase" time="13.532"/>
  <testcase name="goToSingleReviewPage" classname="automationFramework.Navigation_TestCase" time="13.616"/>
  <testcase name="goToWriteAReviewPageFromTreatmentRatingsConditionPage" classname="automationFramework.Navigation_TestCase" time="69.743">
    <error message="Expected condition failed: waiting for presence of any elements located by By.cssSelector: .banner-cta .button-cta span (tried for 10 second(s) with 500 MILLISECONDS interval)&#10;Build info: version: &apos;3.1.0&apos;, revision: &apos;b94c902&apos;, time: &apos;2017-02-16 12:21:31 -0800&apos;&#10;System info: host: &apos;Crispus-PC&apos;, ip: &apos;192.168.3.12&apos;, os.name: &apos;Windows 7&apos;, os.arch: &apos;amd64&apos;, os.version: &apos;6.1&apos;, java.version: &apos;1.8.0_91&apos;&#10;Driver info: org.openqa.selenium.chrome.ChromeDriver&#10;Capabilities [{applicationCacheEnabled=false, rotatable=false, mobileEmulationEnabled=false, networkConnectionEnabled=false, chrome={chromedriverVersion=2.28.455520 (cc17746adff54984afff480136733114c6b3704b), userDataDir=C:\Users\Crispus\AppData\Local\Temp\scoped_dir9796_16144}, takesHeapSnapshot=true, pageLoadStrategy=normal, databaseEnabled=false, handlesAlerts=true, hasTouchScreen=false, version=56.0.2924.87, platform=XP, browserConnectionEnabled=false, nativeEvents=true, acceptSslCerts=true, locationContextEnabled=true, webStorageEnabled=true, browserName=chrome, takesScreenshot=true, javascriptEnabled=true, cssSelectorsEnabled=true, unexpectedAlertBehaviour=}]&#10;Session ID: faaec5fd33e844eb77237a4c9c1941e4" type="org.openqa.selenium.TimeoutException">org.openqa.selenium.TimeoutException: 
Expected condition failed: waiting for presence of any elements located by By.cssSelector: .banner-cta .button-cta span (tried for 10 second(s) with 500 MILLISECONDS interval)
Build info: version: '3.1.0', revision: 'b94c902', time: '2017-02-16 12:21:31 -0800'
System info: host: 'Crispus-PC', ip: '192.168.3.12', os.name: 'Windows 7', os.arch: 'amd64', os.version: '6.1', java.version: '1.8.0_91'
Driver info: org.openqa.selenium.chrome.ChromeDriver
Capabilities [{applicationCacheEnabled=false, rotatable=false, mobileEmulationEnabled=false, networkConnectionEnabled=false, chrome={chromedriverVersion=2.28.455520 (cc17746adff54984afff480136733114c6b3704b), userDataDir=C:\Users\Crispus\AppData\Local\Temp\scoped_dir9796_16144}, takesHeapSnapshot=true, pageLoadStrategy=normal, databaseEnabled=false, handlesAlerts=true, hasTouchScreen=false, version=56.0.2924.87, platform=XP, browserConnectionEnabled=false, nativeEvents=true, acceptSslCerts=true, locationContextEnabled=true, webStorageEnabled=true, browserName=chrome, takesScreenshot=true, javascriptEnabled=true, cssSelectorsEnabled=true, unexpectedAlertBehaviour=}]
Session ID: faaec5fd33e844eb77237a4c9c1941e4
	at automationFramework.Navigation_TestCase.goToWriteAReviewPageFromTreatmentRatingsConditionPage(Navigation_TestCase.java:310)
</error>
    <system-err><![CDATA[Starting ChromeDriver 2.28.455520 (cc17746adff54984afff480136733114c6b3704b) on port 24999
Only local connections are allowed.
бер. 20, 2017 11:36:41 AM org.openqa.selenium.remote.ProtocolHandshake createSession
INFO: Detected dialect: OSS
goToWriteAReviewPageFromTreatmentRatingsConditionPage(automationFramework.Navigation_TestCase): run 1 failed.
Starting ChromeDriver 2.28.455520 (cc17746adff54984afff480136733114c6b3704b) on port 28131
Only local connections are allowed.
бер. 20, 2017 11:37:04 AM org.openqa.selenium.remote.ProtocolHandshake createSession
INFO: Detected dialect: OSS
goToWriteAReviewPageFromTreatmentRatingsConditionPage(automationFramework.Navigation_TestCase): run 2 failed.
Starting ChromeDriver 2.28.455520 (cc17746adff54984afff480136733114c6b3704b) on port 32687
Only local connections are allowed.
бер. 20, 2017 11:37:27 AM org.openqa.selenium.remote.ProtocolHandshake createSession
INFO: Detected dialect: OSS
goToWriteAReviewPageFromTreatmentRatingsConditionPage(automationFramework.Navigation_TestCase): run 3 failed.
goToWriteAReviewPageFromTreatmentRatingsConditionPage(automationFramework.Navigation_TestCase): giving up after 3 failures.
]]></system-err>
  </testcase>
  <testcase name="checkFooterLinkFAQ" classname="automationFramework.Navigation_TestCase" time="13.07"/>
  <testcase name="goToWriteAReviewPageFromDetailedBlogPage" classname="automationFramework.Navigation_TestCase" time="16.545"/>
  <testcase name="goToTreatmentReviewsPageFromTreatmentRatingsConditionPage" classname="automationFramework.Navigation_TestCase" time="12.117"/>
  <testcase name="goToTreatmentRatingsConditionPageFromConditionSelectionPage" classname="automationFramework.Navigation_TestCase" time="12.28"/>
  <testcase name="checkFooterLinkResources" classname="automationFramework.Navigation_TestCase" time="13.319"/>
  <testcase name="goToSpecificVideosAndGuidesPageFromSpecificTreatmentReviewPage" classname="automationFramework.Navigation_TestCase" time="14.839"/>
  <testcase name="checkFooterCopyrightTermsOfService" classname="automationFramework.Navigation_TestCase" time="13.592"/>
  <testcase name="checkFooterLinkAbout" classname="automationFramework.Navigation_TestCase" time="12.676"/>
  <testcase name="goToVideosAndGuidesConditionPageFromTreatmentRatingsConditionPage" classname="automationFramework.Navigation_TestCase" time="12.325"/>
  <testcase name="goToTreatmentRatingsConditionPage" classname="automationFramework.Navigation_TestCase" time="10.872"/>
  <testcase name="goToWriteAReviewPageFromBlogPage" classname="automationFramework.Navigation_TestCase" time="16.526"/>
  <testcase name="checkLinkedinUrl" classname="automationFramework.Navigation_TestCase" time="11.012"/>
  <testcase name="goToFacebookPageFromFooter" classname="automationFramework.Navigation_TestCase" time="11.489"/>
  <testcase name="checkFooterLinkContactUs" classname="automationFramework.Navigation_TestCase" time="13.577"/>
  <testcase name="goToFirstStepOfCoachingProgramFromTreatmentRatingsConditionPage" classname="automationFramework.Navigation_TestCase" time="31.677">
    <error message="Index: 1, Size: 1" type="java.lang.IndexOutOfBoundsException">java.lang.IndexOutOfBoundsException: Index: 1, Size: 1
	at automationFramework.Navigation_TestCase.goToFirstStepOfCoachingProgramFromTreatmentRatingsConditionPage(Navigation_TestCase.java:272)
</error>
    <system-err><![CDATA[Starting ChromeDriver 2.28.455520 (cc17746adff54984afff480136733114c6b3704b) on port 32152
Only local connections are allowed.
бер. 20, 2017 11:40:53 AM org.openqa.selenium.remote.ProtocolHandshake createSession
INFO: Detected dialect: OSS
goToFirstStepOfCoachingProgramFromTreatmentRatingsConditionPage(automationFramework.Navigation_TestCase): run 1 failed.
Starting ChromeDriver 2.28.455520 (cc17746adff54984afff480136733114c6b3704b) on port 10424
Only local connections are allowed.
бер. 20, 2017 11:41:04 AM org.openqa.selenium.remote.ProtocolHandshake createSession
INFO: Detected dialect: OSS
goToFirstStepOfCoachingProgramFromTreatmentRatingsConditionPage(automationFramework.Navigation_TestCase): run 2 failed.
Starting ChromeDriver 2.28.455520 (cc17746adff54984afff480136733114c6b3704b) on port 42223
Only local connections are allowed.
бер. 20, 2017 11:41:15 AM org.openqa.selenium.remote.ProtocolHandshake createSession
INFO: Detected dialect: OSS
goToFirstStepOfCoachingProgramFromTreatmentRatingsConditionPage(automationFramework.Navigation_TestCase): run 3 failed.
goToFirstStepOfCoachingProgramFromTreatmentRatingsConditionPage(automationFramework.Navigation_TestCase): giving up after 3 failures.
]]></system-err>
  </testcase>
</testsuite>